14:45:37.599  root      : INFO    : ++++++++ Wed Jun  7 14:45:37 2023 ++++++++
14:45:37.811  root      : INFO    : ROCEv2 support found in Scapy
14:45:37.812  root      : INFO    : ERSPAN support found in Scapy
14:45:37.813  root      : INFO    : GENEVE support found in Scapy
14:45:37.814  root      : INFO    : MPLS support found in Scapy
14:45:37.814  root      : INFO    : IGMP support found in Scapy
14:45:37.817  root      : DEBUG   : Parsed test parameters:
14:45:37.817  root      : DEBUG   : 	*arch=tofino2
14:45:37.817  root      : DEBUG   : 	*p4_name=cu
14:45:37.817  root      : DEBUG   : 	*target=asic-model
14:45:37.817  root      : DEBUG   : 	*use_pi=False
14:45:37.817  root      : DEBUG   : 	*traffic_gen=None
14:45:37.817  root      : DEBUG   : 	*config_file=filename
14:45:37.817  root      : DEBUG   : 	*drivers_test_info=None
14:45:37.817  root      : DEBUG   : 	*test_seed=None
14:45:37.817  root      : DEBUG   : 	*num_pipes=4
14:45:37.817  root      : DEBUG   : 	*pkt_size=100
14:45:37.817  root      : DEBUG   : 	*port_mode=100g
14:45:37.817  root      : DEBUG   : 	*counter_byte_adjust=0
14:45:37.817  root      : DEBUG   : 	*setup=False
14:45:37.817  root      : DEBUG   : 	*cleanup=False
14:45:37.817  root      : DEBUG   : 	*p4c=
14:45:37.817  root      : DEBUG   : 	*thrift_server=localhost
14:45:37.817  root      : DEBUG   : 	*grpc_server=localhost
14:45:37.817  root      : DEBUG   : 	*reboot=none
14:45:37.817  root      : DEBUG   : If something is missing, make sure you used the correct syntax: --test-params="[k=v;]*k=v"
14:45:38.008  root      : WARNING : Could not import file test.py
