14:41:39.655  root      : INFO    : ++++++++ Wed Jun  7 14:41:39 2023 ++++++++
14:41:39.891  root      : INFO    : ROCEv2 support found in Scapy
14:41:39.892  root      : INFO    : ERSPAN support found in Scapy
14:41:39.892  root      : INFO    : GENEVE support found in Scapy
14:41:39.893  root      : INFO    : MPLS support found in Scapy
14:41:39.894  root      : INFO    : IGMP support found in Scapy
14:41:39.897  root      : DEBUG   : Parsed test parameters:
14:41:39.897  root      : DEBUG   : 	*arch=tofino2
14:41:39.897  root      : DEBUG   : 	*p4_name=cu
14:41:39.897  root      : DEBUG   : 	*target=asic-model
14:41:39.897  root      : DEBUG   : 	*use_pi=False
14:41:39.897  root      : DEBUG   : 	*traffic_gen=None
14:41:39.897  root      : DEBUG   : 	*config_file=filename
14:41:39.897  root      : DEBUG   : 	*drivers_test_info=None
14:41:39.897  root      : DEBUG   : 	*test_seed=None
14:41:39.897  root      : DEBUG   : 	*num_pipes=4
14:41:39.897  root      : DEBUG   : 	*pkt_size=100
14:41:39.897  root      : DEBUG   : 	*port_mode=100g
14:41:39.898  root      : DEBUG   : 	*counter_byte_adjust=0
14:41:39.898  root      : DEBUG   : 	*setup=False
14:41:39.898  root      : DEBUG   : 	*cleanup=False
14:41:39.898  root      : DEBUG   : 	*p4c=
14:41:39.898  root      : DEBUG   : 	*thrift_server=localhost
14:41:39.898  root      : DEBUG   : 	*grpc_server=localhost
14:41:39.898  root      : DEBUG   : 	*reboot=none
14:41:39.898  root      : DEBUG   : If something is missing, make sure you used the correct syntax: --test-params="[k=v;]*k=v"
14:41:39.898  root      : CRITICAL: test-spec element test.CU did not match any tests
